Build started 12/05/2013 00:46:34.
     1>Project "C:\Users\Rui Orey\cgarmindo\Puzzle-Buble\cg_framework\cg_framework.vcxproj" on node 2 (Build target(s)).
     1>ClCompile:
         C:\Program Files (x86)\Microsoft Visual Studio 11.0\VC\bin\CL.exe /c /I"..\external libs\glew\include" /I"..\external libs\FreeImage\Dist" /I"..\external libs\freeglut\include" /I"..\external libs\glm" /ZI /nologo /W3 /WX- /Od /Oy- /D WIN32 /D _DEBUG /D _WINDOWS /D _UNICODE /D UNICODE /Gm /EHsc /RTC1 /MDd /GS /fp:precise /Zc:wchar_t /Zc:forScope /Fo"Debug\\" /Fd"Debug\vc110.pdb" /Gd /TP /analyze- /errorReport:prompt colision.cpp display.cpp main.cpp objloader.cpp
         objloader.cpp
     1>c:\users\rui orey\cgarmindo\puzzle-buble\cg_framework\objloader.cpp(38): warning C4996: 'fopen': This function or variable may be unsafe. Consider using fopen_s instead. To disable deprecation, use _CRT_SECURE_NO_WARNINGS. See online help for details.
                 c:\program files (x86)\microsoft visual studio 11.0\vc\include\stdio.h(218) : see declaration of 'fopen'
     1>c:\users\rui orey\cgarmindo\puzzle-buble\cg_framework\objloader.cpp(59): warning C4244: 'argument' : conversion from 'double' to 'float', possible loss of data
     1>c:\users\rui orey\cgarmindo\puzzle-buble\cg_framework\objloader.cpp(65): warning C4244: 'argument' : conversion from 'double' to 'float', possible loss of data
     1>c:\users\rui orey\cgarmindo\puzzle-buble\cg_framework\objloader.cpp(71): warning C4244: 'argument' : conversion from 'double' to 'float', possible loss of data
     1>c:\users\rui orey\cgarmindo\puzzle-buble\cg_framework\objloader.cpp(115): warning C4018: '<' : signed/unsigned mismatch
     1>c:\users\rui orey\cgarmindo\puzzle-buble\cg_framework\objloader.cpp(117): warning C4018: '<' : signed/unsigned mismatch
         main.cpp
     1>c:\users\rui orey\cgarmindo\puzzle-buble\cg_framework\main.cpp(373): warning C4244: '=' : conversion from 'double' to 'float', possible loss of data
     1>c:\users\rui orey\cgarmindo\puzzle-buble\cg_framework\main.cpp(385): warning C4244: '=' : conversion from 'double' to 'float', possible loss of data
     1>c:\users\rui orey\cgarmindo\puzzle-buble\cg_framework\main.cpp(386): warning C4244: '=' : conversion from 'double' to 'float', possible loss of data
     1>c:\users\rui orey\cgarmindo\puzzle-buble\cg_framework\main.cpp(395): warning C4305: '=' : truncation from 'double' to 'float'
     1>c:\users\rui orey\cgarmindo\puzzle-buble\cg_framework\main.cpp(369): warning C4101: 'actualy' : unreferenced local variable
     1>c:\users\rui orey\cgarmindo\puzzle-buble\cg_framework\main.cpp(369): warning C4101: 'actualx' : unreferenced local variable
     1>c:\users\rui orey\cgarmindo\puzzle-buble\cg_framework\main.cpp(405): warning C4244: '=' : conversion from 'double' to 'float', possible loss of data
     1>c:\users\rui orey\cgarmindo\puzzle-buble\cg_framework\main.cpp(417): warning C4244: '=' : conversion from 'double' to 'float', possible loss of data
     1>c:\users\rui orey\cgarmindo\puzzle-buble\cg_framework\main.cpp(418): warning C4244: '=' : conversion from 'double' to 'float', possible loss of data
     1>c:\users\rui orey\cgarmindo\puzzle-buble\cg_framework\main.cpp(427): warning C4305: '=' : truncation from 'double' to 'float'
     1>c:\users\rui orey\cgarmindo\puzzle-buble\cg_framework\main.cpp(401): warning C4101: 'actualy' : unreferenced local variable
     1>c:\users\rui orey\cgarmindo\puzzle-buble\cg_framework\main.cpp(401): warning C4101: 'actualx' : unreferenced local variable
     1>c:\users\rui orey\cgarmindo\puzzle-buble\cg_framework\main.cpp(439): warning C4244: '=' : conversion from 'double' to 'float', possible loss of data
     1>c:\users\rui orey\cgarmindo\puzzle-buble\cg_framework\main.cpp(440): warning C4244: '=' : conversion from 'double' to 'float', possible loss of data
     1>c:\users\rui orey\cgarmindo\puzzle-buble\cg_framework\main.cpp(454): warning C4244: '=' : conversion from 'double' to 'float', possible loss of data
     1>c:\users\rui orey\cgarmindo\puzzle-buble\cg_framework\main.cpp(455): warning C4244: '=' : conversion from 'double' to 'float', possible loss of data
     1>c:\users\rui orey\cgarmindo\puzzle-buble\cg_framework\main.cpp(486): warning C4244: '=' : conversion from 'double' to 'float', possible loss of data
     1>c:\users\rui orey\cgarmindo\puzzle-buble\cg_framework\main.cpp(487): warning C4244: '=' : conversion from 'double' to 'float', possible loss of data
     1>c:\users\rui orey\cgarmindo\puzzle-buble\cg_framework\main.cpp(499): warning C4244: '=' : conversion from 'double' to 'float', possible loss of data
     1>c:\users\rui orey\cgarmindo\puzzle-buble\cg_framework\main.cpp(500): warning C4244: '=' : conversion from 'double' to 'float', possible loss of data
     1>c:\users\rui orey\cgarmindo\puzzle-buble\cg_framework\main.cpp(511): warning C4244: 'argument' : conversion from 'double' to 'float', possible loss of data
     1>c:\users\rui orey\cgarmindo\puzzle-buble\cg_framework\main.cpp(512): warning C4244: 'argument' : conversion from 'double' to 'float', possible loss of data
     1>c:\users\rui orey\cgarmindo\puzzle-buble\cg_framework\main.cpp(540): warning C4244: '=' : conversion from 'double' to 'float', possible loss of data
     1>c:\users\rui orey\cgarmindo\puzzle-buble\cg_framework\main.cpp(541): warning C4244: '=' : conversion from 'int' to 'float', possible loss of data
     1>c:\users\rui orey\cgarmindo\puzzle-buble\cg_framework\main.cpp(557): warning C4244: '=' : conversion from 'double' to 'float', possible loss of data
     1>c:\users\rui orey\cgarmindo\puzzle-buble\cg_framework\main.cpp(566): warning C4101: 'actualy' : unreferenced local variable
     1>c:\users\rui orey\cgarmindo\puzzle-buble\cg_framework\main.cpp(566): warning C4101: 'actualx' : unreferenced local variable
     1>c:\users\rui orey\cgarmindo\puzzle-buble\cg_framework\main.cpp(567): warning C4101: 'extrafragz' : unreferenced local variable
     1>c:\users\rui orey\cgarmindo\puzzle-buble\cg_framework\main.cpp(666): warning C4996: 'fopen': This function or variable may be unsafe. Consider using fopen_s instead. To disable deprecation, use _CRT_SECURE_NO_WARNINGS. See online help for details.
                 c:\program files (x86)\microsoft visual studio 11.0\vc\include\stdio.h(218) : see declaration of 'fopen'
     1>c:\users\rui orey\cgarmindo\puzzle-buble\cg_framework\main.cpp(946): warning C4244: '=' : conversion from 'double' to 'float', possible loss of data
     1>c:\users\rui orey\cgarmindo\puzzle-buble\cg_framework\main.cpp(948): warning C4244: '=' : conversion from 'GLint' to 'float', possible loss of data
     1>c:\users\rui orey\cgarmindo\puzzle-buble\cg_framework\main.cpp(961): warning C4244: '=' : conversion from 'float' to 'int', possible loss of data
     1>c:\users\rui orey\cgarmindo\puzzle-buble\cg_framework\main.cpp(1290): warning C4305: '-=' : truncation from 'double' to 'float'
     1>c:\users\rui orey\cgarmindo\puzzle-buble\cg_framework\main.cpp(1292): warning C4305: '+=' : truncation from 'double' to 'float'
     1>c:\users\rui orey\cgarmindo\puzzle-buble\cg_framework\main.cpp(1295): warning C4305: '-=' : truncation from 'double' to 'float'
     1>c:\users\rui orey\cgarmindo\puzzle-buble\cg_framework\main.cpp(1297): warning C4305: '+=' : truncation from 'double' to 'float'
     1>c:\users\rui orey\cgarmindo\puzzle-buble\cg_framework\main.cpp(1651): warning C4244: 'argument' : conversion from 'double' to 'float', possible loss of data
     1>c:\users\rui orey\cgarmindo\puzzle-buble\cg_framework\main.cpp(1892): warning C4305: '-=' : truncation from 'double' to 'GLfloat'
     1>c:\users\rui orey\cgarmindo\puzzle-buble\cg_framework\main.cpp(1902): warning C4305: '+=' : truncation from 'double' to 'GLfloat'
     1>c:\users\rui orey\cgarmindo\puzzle-buble\cg_framework\main.cpp(1919): warning C4305: '-=' : truncation from 'double' to 'GLfloat'
     1>c:\users\rui orey\cgarmindo\puzzle-buble\cg_framework\main.cpp(1934): warning C4305: '+=' : truncation from 'double' to 'GLfloat'
         display.cpp
     1>c:\users\rui orey\cgarmindo\puzzle-buble\cg_framework\display.cpp(144): warning C4244: 'initializing' : conversion from 'double' to 'GLfloat', possible loss of data
         colision.cpp
         Generating Code...
       Link:
         C:\Program Files (x86)\Microsoft Visual Studio 11.0\VC\bin\link.exe /ERRORREPORT:PROMPT /OUT:"C:\Users\Rui Orey\cgarmindo\Puzzle-Buble\Debug\cg_framework.exe" /INCREMENTAL /NOLOGO /LIBPATH:"..\external libs\freeglut\lib" /LIBPATH:"..\external libs\glew\lib" /LIBPATH:"..\external libs\FreeImage\Dist" freeglut.lib glew32.lib FreeImage.lib opengl32.lib kernel32.lib user32.lib gdi32.lib winspool.lib comdlg32.lib advapi32.lib shell32.lib ole32.lib oleaut32.lib uuid.lib odbc32.lib odbccp32.lib /MANIFEST /MANIFESTUAC:"level='asInvoker' uiAccess='false'" /manifest:embed /DEBUG /PDB:"C:\Users\Rui Orey\cgarmindo\Puzzle-Buble\Debug\cg_framework.pdb" /SUBSYSTEM:CONSOLE /TLBID:1 /DYNAMICBASE /NXCOMPAT /IMPLIB:"C:\Users\Rui Orey\cgarmindo\Puzzle-Buble\Debug\cg_framework.lib" /MACHINE:X86 Debug\colision.obj
         Debug\display.obj
         Debug\main.obj
         Debug\objloader.obj
         cg_framework.vcxproj -> C:\Users\Rui Orey\cgarmindo\Puzzle-Buble\Debug\cg_framework.exe
     1>Done Building Project "C:\Users\Rui Orey\cgarmindo\Puzzle-Buble\cg_framework\cg_framework.vcxproj" (Build target(s)).

Build succeeded.

Time Elapsed 00:00:04.48
