C:\USERS\RUI OREY\DESKTOP\DROPBOX\SKYDRIVE\CG\PUZZLE-BUBLE\CG_FRAMEWORK\DEBUG\COLISION.OBJ
C:\USERS\RUI OREY\DESKTOP\DROPBOX\SKYDRIVE\CG\PUZZLE-BUBLE\CG_FRAMEWORK\DEBUG\DISPLAY.OBJ
C:\USERS\RUI OREY\DESKTOP\DROPBOX\SKYDRIVE\CG\PUZZLE-BUBLE\CG_FRAMEWORK\DEBUG\MAIN.OBJ
C:\USERS\RUI OREY\DESKTOP\DROPBOX\SKYDRIVE\CG\PUZZLE-BUBLE\CG_FRAMEWORK\DEBUG\OBJLOADER.OBJ
C:\USERS\RUI OREY\DESKTOP\DROPBOX\SKYDRIVE\CG\PUZZLE-BUBLE\CG_FRAMEWORK\DEBUG\VC110.PDB
C:\USERS\RUI OREY\DESKTOP\DROPBOX\SKYDRIVE\CG\PUZZLE-BUBLE\1RUI\CG_FRAMEWORK\DEBUG\COLISION.OBJ
C:\USERS\RUI OREY\DESKTOP\DROPBOX\SKYDRIVE\CG\PUZZLE-BUBLE\1RUI\CG_FRAMEWORK\DEBUG\DISPLAY.OBJ
C:\USERS\RUI OREY\DESKTOP\DROPBOX\SKYDRIVE\CG\PUZZLE-BUBLE\1RUI\CG_FRAMEWORK\DEBUG\MAIN.OBJ
C:\USERS\RUI OREY\DESKTOP\DROPBOX\SKYDRIVE\CG\PUZZLE-BUBLE\1RUI\CG_FRAMEWORK\DEBUG\OBJLOADER.OBJ
C:\USERS\RUI OREY\DESKTOP\DROPBOX\SKYDRIVE\CG\PUZZLE-BUBLE\1RUI\CG_FRAMEWORK\DEBUG\VC110.PDB
C:\USERS\RUI OREY\DESKTOP\DROPBOX\SKYDRIVE\CG\PUZZLE-BUBLE\DEBUG\CG_FRAMEWORK.ILK
C:\USERS\RUI OREY\DESKTOP\DROPBOX\SKYDRIVE\CG\PUZZLE-BUBLE\DEBUG\CG_FRAMEWORK.EXE
C:\USERS\RUI OREY\DESKTOP\DROPBOX\SKYDRIVE\CG\PUZZLE-BUBLE\DEBUG\CG_FRAMEWORK.PDB
C:\USERS\RUI OREY\DESKTOP\DROPBOX\SKYDRIVE\CG\PUZZLE-BUBLE\1RUI\DEBUG\CG_FRAMEWORK.ILK
C:\USERS\RUI OREY\DESKTOP\DROPBOX\SKYDRIVE\CG\PUZZLE-BUBLE\1RUI\DEBUG\CG_FRAMEWORK.EXE
C:\USERS\RUI OREY\DESKTOP\DROPBOX\SKYDRIVE\CG\PUZZLE-BUBLE\1RUI\DEBUG\CG_FRAMEWORK.PDB
C:\Users\Rui Orey\Desktop\Dropbox\SkyDrive\CG\Puzzle-Buble\1Rui\cg_framework\Debug\colision.obj
C:\Users\Rui Orey\Desktop\Dropbox\SkyDrive\CG\Puzzle-Buble\1Rui\cg_framework\Debug\display.obj
C:\Users\Rui Orey\Desktop\Dropbox\SkyDrive\CG\Puzzle-Buble\1Rui\cg_framework\Debug\objloader.obj
C:\Users\Rui Orey\Desktop\Dropbox\SkyDrive\CG\Puzzle-Buble\1Rui\cg_framework\Debug\cl.command.1.tlog
C:\Users\Rui Orey\Desktop\Dropbox\SkyDrive\CG\Puzzle-Buble\1Rui\cg_framework\Debug\CL.read.1.tlog
C:\Users\Rui Orey\Desktop\Dropbox\SkyDrive\CG\Puzzle-Buble\1Rui\cg_framework\Debug\CL.write.1.tlog
C:\Users\Rui Orey\Desktop\Dropbox\SkyDrive\CG\Puzzle-Buble\1Rui\cg_framework\Debug\link-cvtres.read.1.tlog
C:\Users\Rui Orey\Desktop\Dropbox\SkyDrive\CG\Puzzle-Buble\1Rui\cg_framework\Debug\link-cvtres.write.1.tlog
C:\Users\Rui Orey\Desktop\Dropbox\SkyDrive\CG\Puzzle-Buble\1Rui\cg_framework\Debug\link-rc.read.1.tlog
C:\Users\Rui Orey\Desktop\Dropbox\SkyDrive\CG\Puzzle-Buble\1Rui\cg_framework\Debug\link-rc.write.1.tlog
C:\Users\Rui Orey\Desktop\Dropbox\SkyDrive\CG\Puzzle-Buble\1Rui\cg_framework\Debug\link.10352-cvtres.read.1.tlog
C:\Users\Rui Orey\Desktop\Dropbox\SkyDrive\CG\Puzzle-Buble\1Rui\cg_framework\Debug\link.10352-cvtres.write.1.tlog
C:\Users\Rui Orey\Desktop\Dropbox\SkyDrive\CG\Puzzle-Buble\1Rui\cg_framework\Debug\link.10352-rc.read.1.tlog
C:\Users\Rui Orey\Desktop\Dropbox\SkyDrive\CG\Puzzle-Buble\1Rui\cg_framework\Debug\link.10352-rc.write.1.tlog
C:\Users\Rui Orey\Desktop\Dropbox\SkyDrive\CG\Puzzle-Buble\1Rui\cg_framework\Debug\link.10352.read.1.tlog
C:\Users\Rui Orey\Desktop\Dropbox\SkyDrive\CG\Puzzle-Buble\1Rui\cg_framework\Debug\link.10352.write.1.tlog
C:\Users\Rui Orey\Desktop\Dropbox\SkyDrive\CG\Puzzle-Buble\1Rui\cg_framework\Debug\link.10368-cvtres.read.1.tlog
C:\Users\Rui Orey\Desktop\Dropbox\SkyDrive\CG\Puzzle-Buble\1Rui\cg_framework\Debug\link.10368-cvtres.write.1.tlog
C:\Users\Rui Orey\Desktop\Dropbox\SkyDrive\CG\Puzzle-Buble\1Rui\cg_framework\Debug\link.10368-rc.read.1.tlog
C:\Users\Rui Orey\Desktop\Dropbox\SkyDrive\CG\Puzzle-Buble\1Rui\cg_framework\Debug\link.10368-rc.write.1.tlog
C:\Users\Rui Orey\Desktop\Dropbox\SkyDrive\CG\Puzzle-Buble\1Rui\cg_framework\Debug\link.10368.read.1.tlog
C:\Users\Rui Orey\Desktop\Dropbox\SkyDrive\CG\Puzzle-Buble\1Rui\cg_framework\Debug\link.10368.write.1.tlog
C:\Users\Rui Orey\Desktop\Dropbox\SkyDrive\CG\Puzzle-Buble\1Rui\cg_framework\Debug\link.10956-cvtres.read.1.tlog
C:\Users\Rui Orey\Desktop\Dropbox\SkyDrive\CG\Puzzle-Buble\1Rui\cg_framework\Debug\link.10956-cvtres.write.1.tlog
C:\Users\Rui Orey\Desktop\Dropbox\SkyDrive\CG\Puzzle-Buble\1Rui\cg_framework\Debug\link.10956-rc.read.1.tlog
C:\Users\Rui Orey\Desktop\Dropbox\SkyDrive\CG\Puzzle-Buble\1Rui\cg_framework\Debug\link.10956-rc.write.1.tlog
C:\Users\Rui Orey\Desktop\Dropbox\SkyDrive\CG\Puzzle-Buble\1Rui\cg_framework\Debug\link.10956.read.1.tlog
C:\Users\Rui Orey\Desktop\Dropbox\SkyDrive\CG\Puzzle-Buble\1Rui\cg_framework\Debug\link.10956.write.1.tlog
C:\Users\Rui Orey\Desktop\Dropbox\SkyDrive\CG\Puzzle-Buble\1Rui\cg_framework\Debug\link.11532.read.1.tlog
C:\Users\Rui Orey\Desktop\Dropbox\SkyDrive\CG\Puzzle-Buble\1Rui\cg_framework\Debug\link.11532.write.1.tlog
C:\Users\Rui Orey\Desktop\Dropbox\SkyDrive\CG\Puzzle-Buble\1Rui\cg_framework\Debug\link.11712-cvtres.read.1.tlog
C:\Users\Rui Orey\Desktop\Dropbox\SkyDrive\CG\Puzzle-Buble\1Rui\cg_framework\Debug\link.11712-cvtres.write.1.tlog
C:\Users\Rui Orey\Desktop\Dropbox\SkyDrive\CG\Puzzle-Buble\1Rui\cg_framework\Debug\link.11712-rc.read.1.tlog
C:\Users\Rui Orey\Desktop\Dropbox\SkyDrive\CG\Puzzle-Buble\1Rui\cg_framework\Debug\link.11712-rc.write.1.tlog
C:\Users\Rui Orey\Desktop\Dropbox\SkyDrive\CG\Puzzle-Buble\1Rui\cg_framework\Debug\link.11712.read.1.tlog
C:\Users\Rui Orey\Desktop\Dropbox\SkyDrive\CG\Puzzle-Buble\1Rui\cg_framework\Debug\link.11712.write.1.tlog
C:\Users\Rui Orey\Desktop\Dropbox\SkyDrive\CG\Puzzle-Buble\1Rui\cg_framework\Debug\link.12136-cvtres.read.1.tlog
C:\Users\Rui Orey\Desktop\Dropbox\SkyDrive\CG\Puzzle-Buble\1Rui\cg_framework\Debug\link.12136-cvtres.write.1.tlog
C:\Users\Rui Orey\Desktop\Dropbox\SkyDrive\CG\Puzzle-Buble\1Rui\cg_framework\Debug\link.12136-rc.read.1.tlog
C:\Users\Rui Orey\Desktop\Dropbox\SkyDrive\CG\Puzzle-Buble\1Rui\cg_framework\Debug\link.12136-rc.write.1.tlog
C:\Users\Rui Orey\Desktop\Dropbox\SkyDrive\CG\Puzzle-Buble\1Rui\cg_framework\Debug\link.12136.read.1.tlog
C:\Users\Rui Orey\Desktop\Dropbox\SkyDrive\CG\Puzzle-Buble\1Rui\cg_framework\Debug\link.12136.write.1.tlog
C:\Users\Rui Orey\Desktop\Dropbox\SkyDrive\CG\Puzzle-Buble\1Rui\cg_framework\Debug\link.1432-cvtres.read.1.tlog
C:\Users\Rui Orey\Desktop\Dropbox\SkyDrive\CG\Puzzle-Buble\1Rui\cg_framework\Debug\link.1432-cvtres.write.1.tlog
C:\Users\Rui Orey\Desktop\Dropbox\SkyDrive\CG\Puzzle-Buble\1Rui\cg_framework\Debug\link.1432-rc.read.1.tlog
C:\Users\Rui Orey\Desktop\Dropbox\SkyDrive\CG\Puzzle-Buble\1Rui\cg_framework\Debug\link.1432-rc.write.1.tlog
C:\Users\Rui Orey\Desktop\Dropbox\SkyDrive\CG\Puzzle-Buble\1Rui\cg_framework\Debug\link.1432.read.1.tlog
C:\Users\Rui Orey\Desktop\Dropbox\SkyDrive\CG\Puzzle-Buble\1Rui\cg_framework\Debug\link.1432.write.1.tlog
C:\Users\Rui Orey\Desktop\Dropbox\SkyDrive\CG\Puzzle-Buble\1Rui\cg_framework\Debug\link.1828-cvtres.read.1.tlog
C:\Users\Rui Orey\Desktop\Dropbox\SkyDrive\CG\Puzzle-Buble\1Rui\cg_framework\Debug\link.1828-cvtres.write.1.tlog
C:\Users\Rui Orey\Desktop\Dropbox\SkyDrive\CG\Puzzle-Buble\1Rui\cg_framework\Debug\link.1828-rc.read.1.tlog
C:\Users\Rui Orey\Desktop\Dropbox\SkyDrive\CG\Puzzle-Buble\1Rui\cg_framework\Debug\link.1828-rc.write.1.tlog
C:\Users\Rui Orey\Desktop\Dropbox\SkyDrive\CG\Puzzle-Buble\1Rui\cg_framework\Debug\link.1828.read.1.tlog
C:\Users\Rui Orey\Desktop\Dropbox\SkyDrive\CG\Puzzle-Buble\1Rui\cg_framework\Debug\link.1828.write.1.tlog
C:\Users\Rui Orey\Desktop\Dropbox\SkyDrive\CG\Puzzle-Buble\1Rui\cg_framework\Debug\link.1980-cvtres.read.1.tlog
C:\Users\Rui Orey\Desktop\Dropbox\SkyDrive\CG\Puzzle-Buble\1Rui\cg_framework\Debug\link.1980-cvtres.write.1.tlog
C:\Users\Rui Orey\Desktop\Dropbox\SkyDrive\CG\Puzzle-Buble\1Rui\cg_framework\Debug\link.1980-rc.read.1.tlog
C:\Users\Rui Orey\Desktop\Dropbox\SkyDrive\CG\Puzzle-Buble\1Rui\cg_framework\Debug\link.1980-rc.write.1.tlog
C:\Users\Rui Orey\Desktop\Dropbox\SkyDrive\CG\Puzzle-Buble\1Rui\cg_framework\Debug\link.1980.read.1.tlog
C:\Users\Rui Orey\Desktop\Dropbox\SkyDrive\CG\Puzzle-Buble\1Rui\cg_framework\Debug\link.1980.write.1.tlog
C:\Users\Rui Orey\Desktop\Dropbox\SkyDrive\CG\Puzzle-Buble\1Rui\cg_framework\Debug\link.2112-cvtres.read.1.tlog
C:\Users\Rui Orey\Desktop\Dropbox\SkyDrive\CG\Puzzle-Buble\1Rui\cg_framework\Debug\link.2112-cvtres.write.1.tlog
C:\Users\Rui Orey\Desktop\Dropbox\SkyDrive\CG\Puzzle-Buble\1Rui\cg_framework\Debug\link.2112-rc.read.1.tlog
C:\Users\Rui Orey\Desktop\Dropbox\SkyDrive\CG\Puzzle-Buble\1Rui\cg_framework\Debug\link.2112-rc.write.1.tlog
C:\Users\Rui Orey\Desktop\Dropbox\SkyDrive\CG\Puzzle-Buble\1Rui\cg_framework\Debug\link.2112.read.1.tlog
C:\Users\Rui Orey\Desktop\Dropbox\SkyDrive\CG\Puzzle-Buble\1Rui\cg_framework\Debug\link.2112.write.1.tlog
C:\Users\Rui Orey\Desktop\Dropbox\SkyDrive\CG\Puzzle-Buble\1Rui\cg_framework\Debug\link.3492-cvtres.read.1.tlog
C:\Users\Rui Orey\Desktop\Dropbox\SkyDrive\CG\Puzzle-Buble\1Rui\cg_framework\Debug\link.3492-cvtres.write.1.tlog
C:\Users\Rui Orey\Desktop\Dropbox\SkyDrive\CG\Puzzle-Buble\1Rui\cg_framework\Debug\link.3492-rc.read.1.tlog
C:\Users\Rui Orey\Desktop\Dropbox\SkyDrive\CG\Puzzle-Buble\1Rui\cg_framework\Debug\link.3492-rc.write.1.tlog
C:\Users\Rui Orey\Desktop\Dropbox\SkyDrive\CG\Puzzle-Buble\1Rui\cg_framework\Debug\link.3492.read.1.tlog
C:\Users\Rui Orey\Desktop\Dropbox\SkyDrive\CG\Puzzle-Buble\1Rui\cg_framework\Debug\link.3492.write.1.tlog
C:\Users\Rui Orey\Desktop\Dropbox\SkyDrive\CG\Puzzle-Buble\1Rui\cg_framework\Debug\link.4072-cvtres.read.1.tlog
C:\Users\Rui Orey\Desktop\Dropbox\SkyDrive\CG\Puzzle-Buble\1Rui\cg_framework\Debug\link.4072-cvtres.write.1.tlog
C:\Users\Rui Orey\Desktop\Dropbox\SkyDrive\CG\Puzzle-Buble\1Rui\cg_framework\Debug\link.4072-rc.read.1.tlog
C:\Users\Rui Orey\Desktop\Dropbox\SkyDrive\CG\Puzzle-Buble\1Rui\cg_framework\Debug\link.4072-rc.write.1.tlog
C:\Users\Rui Orey\Desktop\Dropbox\SkyDrive\CG\Puzzle-Buble\1Rui\cg_framework\Debug\link.4072.read.1.tlog
C:\Users\Rui Orey\Desktop\Dropbox\SkyDrive\CG\Puzzle-Buble\1Rui\cg_framework\Debug\link.4072.write.1.tlog
C:\Users\Rui Orey\Desktop\Dropbox\SkyDrive\CG\Puzzle-Buble\1Rui\cg_framework\Debug\link.4740-cvtres.read.1.tlog
C:\Users\Rui Orey\Desktop\Dropbox\SkyDrive\CG\Puzzle-Buble\1Rui\cg_framework\Debug\link.4740-cvtres.write.1.tlog
C:\Users\Rui Orey\Desktop\Dropbox\SkyDrive\CG\Puzzle-Buble\1Rui\cg_framework\Debug\link.4740-rc.read.1.tlog
C:\Users\Rui Orey\Desktop\Dropbox\SkyDrive\CG\Puzzle-Buble\1Rui\cg_framework\Debug\link.4740-rc.write.1.tlog
C:\Users\Rui Orey\Desktop\Dropbox\SkyDrive\CG\Puzzle-Buble\1Rui\cg_framework\Debug\link.4740.read.1.tlog
C:\Users\Rui Orey\Desktop\Dropbox\SkyDrive\CG\Puzzle-Buble\1Rui\cg_framework\Debug\link.4740.write.1.tlog
C:\Users\Rui Orey\Desktop\Dropbox\SkyDrive\CG\Puzzle-Buble\1Rui\cg_framework\Debug\link.500-cvtres.read.1.tlog
C:\Users\Rui Orey\Desktop\Dropbox\SkyDrive\CG\Puzzle-Buble\1Rui\cg_framework\Debug\link.500-cvtres.write.1.tlog
C:\Users\Rui Orey\Desktop\Dropbox\SkyDrive\CG\Puzzle-Buble\1Rui\cg_framework\Debug\link.500-rc.read.1.tlog
C:\Users\Rui Orey\Desktop\Dropbox\SkyDrive\CG\Puzzle-Buble\1Rui\cg_framework\Debug\link.500-rc.write.1.tlog
C:\Users\Rui Orey\Desktop\Dropbox\SkyDrive\CG\Puzzle-Buble\1Rui\cg_framework\Debug\link.500.read.1.tlog
C:\Users\Rui Orey\Desktop\Dropbox\SkyDrive\CG\Puzzle-Buble\1Rui\cg_framework\Debug\link.500.write.1.tlog
C:\Users\Rui Orey\Desktop\Dropbox\SkyDrive\CG\Puzzle-Buble\1Rui\cg_framework\Debug\link.5104-cvtres.read.1.tlog
C:\Users\Rui Orey\Desktop\Dropbox\SkyDrive\CG\Puzzle-Buble\1Rui\cg_framework\Debug\link.5104-cvtres.write.1.tlog
C:\Users\Rui Orey\Desktop\Dropbox\SkyDrive\CG\Puzzle-Buble\1Rui\cg_framework\Debug\link.5104-rc.read.1.tlog
C:\Users\Rui Orey\Desktop\Dropbox\SkyDrive\CG\Puzzle-Buble\1Rui\cg_framework\Debug\link.5104-rc.write.1.tlog
C:\Users\Rui Orey\Desktop\Dropbox\SkyDrive\CG\Puzzle-Buble\1Rui\cg_framework\Debug\link.5104.read.1.tlog
C:\Users\Rui Orey\Desktop\Dropbox\SkyDrive\CG\Puzzle-Buble\1Rui\cg_framework\Debug\link.5104.write.1.tlog
C:\Users\Rui Orey\Desktop\Dropbox\SkyDrive\CG\Puzzle-Buble\1Rui\cg_framework\Debug\link.5624-cvtres.read.1.tlog
C:\Users\Rui Orey\Desktop\Dropbox\SkyDrive\CG\Puzzle-Buble\1Rui\cg_framework\Debug\link.5624-cvtres.write.1.tlog
C:\Users\Rui Orey\Desktop\Dropbox\SkyDrive\CG\Puzzle-Buble\1Rui\cg_framework\Debug\link.5624-rc.read.1.tlog
C:\Users\Rui Orey\Desktop\Dropbox\SkyDrive\CG\Puzzle-Buble\1Rui\cg_framework\Debug\link.5624-rc.write.1.tlog
C:\Users\Rui Orey\Desktop\Dropbox\SkyDrive\CG\Puzzle-Buble\1Rui\cg_framework\Debug\link.5624.read.1.tlog
C:\Users\Rui Orey\Desktop\Dropbox\SkyDrive\CG\Puzzle-Buble\1Rui\cg_framework\Debug\link.5624.write.1.tlog
C:\Users\Rui Orey\Desktop\Dropbox\SkyDrive\CG\Puzzle-Buble\1Rui\cg_framework\Debug\link.5740-cvtres.read.1.tlog
C:\Users\Rui Orey\Desktop\Dropbox\SkyDrive\CG\Puzzle-Buble\1Rui\cg_framework\Debug\link.5740-cvtres.write.1.tlog
C:\Users\Rui Orey\Desktop\Dropbox\SkyDrive\CG\Puzzle-Buble\1Rui\cg_framework\Debug\link.5740-rc.read.1.tlog
C:\Users\Rui Orey\Desktop\Dropbox\SkyDrive\CG\Puzzle-Buble\1Rui\cg_framework\Debug\link.5740-rc.write.1.tlog
C:\Users\Rui Orey\Desktop\Dropbox\SkyDrive\CG\Puzzle-Buble\1Rui\cg_framework\Debug\link.5740.read.1.tlog
C:\Users\Rui Orey\Desktop\Dropbox\SkyDrive\CG\Puzzle-Buble\1Rui\cg_framework\Debug\link.5740.write.1.tlog
C:\Users\Rui Orey\Desktop\Dropbox\SkyDrive\CG\Puzzle-Buble\1Rui\cg_framework\Debug\link.6180-cvtres.read.1.tlog
C:\Users\Rui Orey\Desktop\Dropbox\SkyDrive\CG\Puzzle-Buble\1Rui\cg_framework\Debug\link.6180-cvtres.write.1.tlog
C:\Users\Rui Orey\Desktop\Dropbox\SkyDrive\CG\Puzzle-Buble\1Rui\cg_framework\Debug\link.6180-rc.read.1.tlog
C:\Users\Rui Orey\Desktop\Dropbox\SkyDrive\CG\Puzzle-Buble\1Rui\cg_framework\Debug\link.6180-rc.write.1.tlog
C:\Users\Rui Orey\Desktop\Dropbox\SkyDrive\CG\Puzzle-Buble\1Rui\cg_framework\Debug\link.6180.read.1.tlog
C:\Users\Rui Orey\Desktop\Dropbox\SkyDrive\CG\Puzzle-Buble\1Rui\cg_framework\Debug\link.6180.write.1.tlog
C:\Users\Rui Orey\Desktop\Dropbox\SkyDrive\CG\Puzzle-Buble\1Rui\cg_framework\Debug\link.6528-cvtres.read.1.tlog
C:\Users\Rui Orey\Desktop\Dropbox\SkyDrive\CG\Puzzle-Buble\1Rui\cg_framework\Debug\link.6528-cvtres.write.1.tlog
C:\Users\Rui Orey\Desktop\Dropbox\SkyDrive\CG\Puzzle-Buble\1Rui\cg_framework\Debug\link.6528-rc.read.1.tlog
C:\Users\Rui Orey\Desktop\Dropbox\SkyDrive\CG\Puzzle-Buble\1Rui\cg_framework\Debug\link.6528-rc.write.1.tlog
C:\Users\Rui Orey\Desktop\Dropbox\SkyDrive\CG\Puzzle-Buble\1Rui\cg_framework\Debug\link.6528.read.1.tlog
C:\Users\Rui Orey\Desktop\Dropbox\SkyDrive\CG\Puzzle-Buble\1Rui\cg_framework\Debug\link.6528.write.1.tlog
C:\Users\Rui Orey\Desktop\Dropbox\SkyDrive\CG\Puzzle-Buble\1Rui\cg_framework\Debug\link.7416-cvtres.read.1.tlog
C:\Users\Rui Orey\Desktop\Dropbox\SkyDrive\CG\Puzzle-Buble\1Rui\cg_framework\Debug\link.7416-cvtres.write.1.tlog
C:\Users\Rui Orey\Desktop\Dropbox\SkyDrive\CG\Puzzle-Buble\1Rui\cg_framework\Debug\link.7416-rc.read.1.tlog
C:\Users\Rui Orey\Desktop\Dropbox\SkyDrive\CG\Puzzle-Buble\1Rui\cg_framework\Debug\link.7416-rc.write.1.tlog
C:\Users\Rui Orey\Desktop\Dropbox\SkyDrive\CG\Puzzle-Buble\1Rui\cg_framework\Debug\link.7416.read.1.tlog
C:\Users\Rui Orey\Desktop\Dropbox\SkyDrive\CG\Puzzle-Buble\1Rui\cg_framework\Debug\link.7416.write.1.tlog
C:\Users\Rui Orey\Desktop\Dropbox\SkyDrive\CG\Puzzle-Buble\1Rui\cg_framework\Debug\link.7520-cvtres.read.1.tlog
C:\Users\Rui Orey\Desktop\Dropbox\SkyDrive\CG\Puzzle-Buble\1Rui\cg_framework\Debug\link.7520-cvtres.write.1.tlog
C:\Users\Rui Orey\Desktop\Dropbox\SkyDrive\CG\Puzzle-Buble\1Rui\cg_framework\Debug\link.7520-rc.read.1.tlog
C:\Users\Rui Orey\Desktop\Dropbox\SkyDrive\CG\Puzzle-Buble\1Rui\cg_framework\Debug\link.7520-rc.write.1.tlog
C:\Users\Rui Orey\Desktop\Dropbox\SkyDrive\CG\Puzzle-Buble\1Rui\cg_framework\Debug\link.7520.read.1.tlog
C:\Users\Rui Orey\Desktop\Dropbox\SkyDrive\CG\Puzzle-Buble\1Rui\cg_framework\Debug\link.7520.write.1.tlog
C:\Users\Rui Orey\Desktop\Dropbox\SkyDrive\CG\Puzzle-Buble\1Rui\cg_framework\Debug\link.7724-cvtres.read.1.tlog
C:\Users\Rui Orey\Desktop\Dropbox\SkyDrive\CG\Puzzle-Buble\1Rui\cg_framework\Debug\link.7724-cvtres.write.1.tlog
C:\Users\Rui Orey\Desktop\Dropbox\SkyDrive\CG\Puzzle-Buble\1Rui\cg_framework\Debug\link.7724-rc.read.1.tlog
C:\Users\Rui Orey\Desktop\Dropbox\SkyDrive\CG\Puzzle-Buble\1Rui\cg_framework\Debug\link.7724-rc.write.1.tlog
C:\Users\Rui Orey\Desktop\Dropbox\SkyDrive\CG\Puzzle-Buble\1Rui\cg_framework\Debug\link.7724.read.1.tlog
C:\Users\Rui Orey\Desktop\Dropbox\SkyDrive\CG\Puzzle-Buble\1Rui\cg_framework\Debug\link.7724.write.1.tlog
C:\Users\Rui Orey\Desktop\Dropbox\SkyDrive\CG\Puzzle-Buble\1Rui\cg_framework\Debug\link.7776-cvtres.read.1.tlog
C:\Users\Rui Orey\Desktop\Dropbox\SkyDrive\CG\Puzzle-Buble\1Rui\cg_framework\Debug\link.7776-cvtres.write.1.tlog
C:\Users\Rui Orey\Desktop\Dropbox\SkyDrive\CG\Puzzle-Buble\1Rui\cg_framework\Debug\link.7776-rc.read.1.tlog
C:\Users\Rui Orey\Desktop\Dropbox\SkyDrive\CG\Puzzle-Buble\1Rui\cg_framework\Debug\link.7776-rc.write.1.tlog
C:\Users\Rui Orey\Desktop\Dropbox\SkyDrive\CG\Puzzle-Buble\1Rui\cg_framework\Debug\link.7776.read.1.tlog
C:\Users\Rui Orey\Desktop\Dropbox\SkyDrive\CG\Puzzle-Buble\1Rui\cg_framework\Debug\link.7776.write.1.tlog
C:\Users\Rui Orey\Desktop\Dropbox\SkyDrive\CG\Puzzle-Buble\1Rui\cg_framework\Debug\link.7912-cvtres.read.1.tlog
C:\Users\Rui Orey\Desktop\Dropbox\SkyDrive\CG\Puzzle-Buble\1Rui\cg_framework\Debug\link.7912-cvtres.write.1.tlog
C:\Users\Rui Orey\Desktop\Dropbox\SkyDrive\CG\Puzzle-Buble\1Rui\cg_framework\Debug\link.7912-rc.read.1.tlog
C:\Users\Rui Orey\Desktop\Dropbox\SkyDrive\CG\Puzzle-Buble\1Rui\cg_framework\Debug\link.7912-rc.write.1.tlog
C:\Users\Rui Orey\Desktop\Dropbox\SkyDrive\CG\Puzzle-Buble\1Rui\cg_framework\Debug\link.7912.read.1.tlog
C:\Users\Rui Orey\Desktop\Dropbox\SkyDrive\CG\Puzzle-Buble\1Rui\cg_framework\Debug\link.7912.write.1.tlog
C:\Users\Rui Orey\Desktop\Dropbox\SkyDrive\CG\Puzzle-Buble\1Rui\cg_framework\Debug\link.7972-cvtres.read.1.tlog
C:\Users\Rui Orey\Desktop\Dropbox\SkyDrive\CG\Puzzle-Buble\1Rui\cg_framework\Debug\link.7972-cvtres.write.1.tlog
C:\Users\Rui Orey\Desktop\Dropbox\SkyDrive\CG\Puzzle-Buble\1Rui\cg_framework\Debug\link.7972-rc.read.1.tlog
C:\Users\Rui Orey\Desktop\Dropbox\SkyDrive\CG\Puzzle-Buble\1Rui\cg_framework\Debug\link.7972-rc.write.1.tlog
C:\Users\Rui Orey\Desktop\Dropbox\SkyDrive\CG\Puzzle-Buble\1Rui\cg_framework\Debug\link.7972.read.1.tlog
C:\Users\Rui Orey\Desktop\Dropbox\SkyDrive\CG\Puzzle-Buble\1Rui\cg_framework\Debug\link.7972.write.1.tlog
C:\Users\Rui Orey\Desktop\Dropbox\SkyDrive\CG\Puzzle-Buble\1Rui\cg_framework\Debug\link.8116-cvtres.read.1.tlog
C:\Users\Rui Orey\Desktop\Dropbox\SkyDrive\CG\Puzzle-Buble\1Rui\cg_framework\Debug\link.8116-cvtres.write.1.tlog
C:\Users\Rui Orey\Desktop\Dropbox\SkyDrive\CG\Puzzle-Buble\1Rui\cg_framework\Debug\link.8116-rc.read.1.tlog
C:\Users\Rui Orey\Desktop\Dropbox\SkyDrive\CG\Puzzle-Buble\1Rui\cg_framework\Debug\link.8116-rc.write.1.tlog
C:\Users\Rui Orey\Desktop\Dropbox\SkyDrive\CG\Puzzle-Buble\1Rui\cg_framework\Debug\link.8116.read.1.tlog
C:\Users\Rui Orey\Desktop\Dropbox\SkyDrive\CG\Puzzle-Buble\1Rui\cg_framework\Debug\link.8116.write.1.tlog
C:\Users\Rui Orey\Desktop\Dropbox\SkyDrive\CG\Puzzle-Buble\1Rui\cg_framework\Debug\link.8144-cvtres.read.1.tlog
C:\Users\Rui Orey\Desktop\Dropbox\SkyDrive\CG\Puzzle-Buble\1Rui\cg_framework\Debug\link.8144-cvtres.write.1.tlog
C:\Users\Rui Orey\Desktop\Dropbox\SkyDrive\CG\Puzzle-Buble\1Rui\cg_framework\Debug\link.8144-rc.read.1.tlog
C:\Users\Rui Orey\Desktop\Dropbox\SkyDrive\CG\Puzzle-Buble\1Rui\cg_framework\Debug\link.8144-rc.write.1.tlog
C:\Users\Rui Orey\Desktop\Dropbox\SkyDrive\CG\Puzzle-Buble\1Rui\cg_framework\Debug\link.8144.read.1.tlog
C:\Users\Rui Orey\Desktop\Dropbox\SkyDrive\CG\Puzzle-Buble\1Rui\cg_framework\Debug\link.8144.write.1.tlog
C:\Users\Rui Orey\Desktop\Dropbox\SkyDrive\CG\Puzzle-Buble\1Rui\cg_framework\Debug\link.8572-cvtres.read.1.tlog
C:\Users\Rui Orey\Desktop\Dropbox\SkyDrive\CG\Puzzle-Buble\1Rui\cg_framework\Debug\link.8572-cvtres.write.1.tlog
C:\Users\Rui Orey\Desktop\Dropbox\SkyDrive\CG\Puzzle-Buble\1Rui\cg_framework\Debug\link.8572-rc.read.1.tlog
C:\Users\Rui Orey\Desktop\Dropbox\SkyDrive\CG\Puzzle-Buble\1Rui\cg_framework\Debug\link.8572-rc.write.1.tlog
C:\Users\Rui Orey\Desktop\Dropbox\SkyDrive\CG\Puzzle-Buble\1Rui\cg_framework\Debug\link.8572.read.1.tlog
C:\Users\Rui Orey\Desktop\Dropbox\SkyDrive\CG\Puzzle-Buble\1Rui\cg_framework\Debug\link.8572.write.1.tlog
C:\Users\Rui Orey\Desktop\Dropbox\SkyDrive\CG\Puzzle-Buble\1Rui\cg_framework\Debug\link.8588-cvtres.read.1.tlog
C:\Users\Rui Orey\Desktop\Dropbox\SkyDrive\CG\Puzzle-Buble\1Rui\cg_framework\Debug\link.8588-cvtres.write.1.tlog
C:\Users\Rui Orey\Desktop\Dropbox\SkyDrive\CG\Puzzle-Buble\1Rui\cg_framework\Debug\link.8588-rc.read.1.tlog
C:\Users\Rui Orey\Desktop\Dropbox\SkyDrive\CG\Puzzle-Buble\1Rui\cg_framework\Debug\link.8588-rc.write.1.tlog
C:\Users\Rui Orey\Desktop\Dropbox\SkyDrive\CG\Puzzle-Buble\1Rui\cg_framework\Debug\link.8588.read.1.tlog
C:\Users\Rui Orey\Desktop\Dropbox\SkyDrive\CG\Puzzle-Buble\1Rui\cg_framework\Debug\link.8588.write.1.tlog
C:\Users\Rui Orey\Desktop\Dropbox\SkyDrive\CG\Puzzle-Buble\1Rui\cg_framework\Debug\link.9084-cvtres.read.1.tlog
C:\Users\Rui Orey\Desktop\Dropbox\SkyDrive\CG\Puzzle-Buble\1Rui\cg_framework\Debug\link.9084-cvtres.write.1.tlog
C:\Users\Rui Orey\Desktop\Dropbox\SkyDrive\CG\Puzzle-Buble\1Rui\cg_framework\Debug\link.9084-rc.read.1.tlog
C:\Users\Rui Orey\Desktop\Dropbox\SkyDrive\CG\Puzzle-Buble\1Rui\cg_framework\Debug\link.9084-rc.write.1.tlog
C:\Users\Rui Orey\Desktop\Dropbox\SkyDrive\CG\Puzzle-Buble\1Rui\cg_framework\Debug\link.9084.read.1.tlog
C:\Users\Rui Orey\Desktop\Dropbox\SkyDrive\CG\Puzzle-Buble\1Rui\cg_framework\Debug\link.9084.write.1.tlog
C:\Users\Rui Orey\Desktop\Dropbox\SkyDrive\CG\Puzzle-Buble\1Rui\cg_framework\Debug\link.9512-cvtres.read.1.tlog
C:\Users\Rui Orey\Desktop\Dropbox\SkyDrive\CG\Puzzle-Buble\1Rui\cg_framework\Debug\link.9512-cvtres.write.1.tlog
C:\Users\Rui Orey\Desktop\Dropbox\SkyDrive\CG\Puzzle-Buble\1Rui\cg_framework\Debug\link.9512-rc.read.1.tlog
C:\Users\Rui Orey\Desktop\Dropbox\SkyDrive\CG\Puzzle-Buble\1Rui\cg_framework\Debug\link.9512-rc.write.1.tlog
C:\Users\Rui Orey\Desktop\Dropbox\SkyDrive\CG\Puzzle-Buble\1Rui\cg_framework\Debug\link.9512.read.1.tlog
C:\Users\Rui Orey\Desktop\Dropbox\SkyDrive\CG\Puzzle-Buble\1Rui\cg_framework\Debug\link.9512.write.1.tlog
C:\Users\Rui Orey\Desktop\Dropbox\SkyDrive\CG\Puzzle-Buble\1Rui\cg_framework\Debug\link.command.1.tlog
C:\Users\Rui Orey\Desktop\Dropbox\SkyDrive\CG\Puzzle-Buble\1Rui\cg_framework\Debug\link.read.1.tlog
C:\Users\Rui Orey\Desktop\Dropbox\SkyDrive\CG\Puzzle-Buble\1Rui\cg_framework\Debug\link.write.1.tlog
C:\Users\Rui Orey\Desktop\Dropbox\SkyDrive\CG\Puzzle-Buble\1Rui\cg_framework\Debug\vc110.idb
C:\Users\Rui Orey\Desktop\Dropbox\SkyDrive\CG\Puzzle-Buble\1Rui\cg_framework\Debug\vc110.pdb
C:\Users\Rui Orey\Desktop\Dropbox\SkyDrive\CG\Puzzle-Buble\1Rui\Debug\cg_framework.pdb
C:\Users\Rui Orey\Desktop\Dropbox\SkyDrive\CG\Puzzle-Buble\1Rui\Debug\cg_framework.exe
C:\Users\Rui Orey\Desktop\Dropbox\SkyDrive\CG\Puzzle-Buble\1Rui\Debug\cg_framework.ilk
